-- The C compiler identification is GNU 9.4.0
-- The CXX compiler identification is GNU 9.4.0
-- Detecting C compiler ABI info
-- Detecting C compiler ABI info - done
-- Check for working C compiler: /usr/bin/cc - skipped
-- Detecting C compile features
-- Detecting C compile features - done
-- Detecting CXX compiler ABI info
-- Detecting CXX compiler ABI info - done
-- Check for working CXX compiler: /usr/bin/c++ - skipped
-- Detecting CXX compile features
-- Detecting CXX compile features - done
-- Found ament_cmake: 1.3.6 (/opt/ros/humble/share/ament_cmake/cmake)
-- Found Python3: /usr/bin/python3.8 (found version "3.8.10") found components: Interpreter 
-- Found rclcpp: 16.0.7 (/opt/ros/humble/share/rclcpp/cmake)
-- Found rosidl_generator_c: 3.1.5 (/opt/ros/humble/share/rosidl_generator_c/cmake)
-- Found rosidl_adapter: 3.1.5 (/opt/ros/humble/share/rosidl_adapter/cmake)
-- Found rosidl_generator_cpp: 3.1.5 (/opt/ros/humble/share/rosidl_generator_cpp/cmake)
-- Using all available rosidl_typesupport_c: rosidl_typesupport_fastrtps_c;rosidl_typesupport_introspection_c
-- Using all available rosidl_typesupport_cpp: rosidl_typesupport_fastrtps_cpp;rosidl_typesupport_introspection_cpp
-- Found rmw_implementation_cmake: 6.1.1 (/opt/ros/humble/share/rmw_implementation_cmake/cmake)
-- Found rmw_fastrtps_cpp: 6.2.5 (/opt/ros/humble/share/rmw_fastrtps_cpp/cmake)
-- Found OpenSSL: /usr/lib/aarch64-linux-gnu/libcrypto.so (found version "1.1.1f")  
-- Found FastRTPS: /opt/ros/humble/include  
-- Using RMW implementation 'rmw_fastrtps_cpp' as default
-- Looking for pthread.h
-- Looking for pthread.h - found
-- Performing Test CMAKE_HAVE_LIBC_PTHREAD
-- Performing Test CMAKE_HAVE_LIBC_PTHREAD - Failed
-- Looking for pthread_create in pthreads
-- Looking for pthread_create in pthreads - not found
-- Looking for pthread_create in pthread
-- Looking for pthread_create in pthread - found
-- Found Threads: TRUE  
-- Found geometry_msgs: 4.2.3 (/opt/ros/humble/share/geometry_msgs/cmake)
-- Found vision_msgs: 4.1.0 (/opt/ros/humble/share/vision_msgs/cmake)
-- Found ament_lint_auto: 0.12.9 (/opt/ros/humble/share/ament_lint_auto/cmake)
-- Added test 'cppcheck' to perform static code analysis on C / C++ code
-- Configured cppcheck include dirs: 
-- Configured cppcheck exclude dirs and/or files: 
-- Added test 'flake8' to check Python code syntax and style conventions
-- Added test 'lint_cmake' to check CMake code style
-- Added test 'pep257' to check Python code against some of the docstring style conventions in PEP 257
-- Added test 'uncrustify' to check C / C++ code style
-- Configured uncrustify additional arguments: 
-- Added test 'xmllint' to check XML markup files
-- Configuring done
-- Generating done
-- Build files have been written to: /workspaces/isaac_ros-dev/src/jetbot_control_pkg/build/jetbot_control_pkg
[ 50%] [32mBuilding CXX object CMakeFiles/control_node.dir/src/control.cpp.o[0m
[100%] [32m[1mLinking CXX executable control_node[0m
[100%] Built target control_node
-- Install configuration: ""
-- Installing: /workspaces/isaac_ros-dev/src/jetbot_control_pkg/install/jetbot_control_pkg/lib/jetbot_control_pkg/control_node
-- Set runtime path of "/workspaces/isaac_ros-dev/src/jetbot_control_pkg/install/jetbot_control_pkg/lib/jetbot_control_pkg/control_node" to ""
-- Installing: /workspaces/isaac_ros-dev/src/jetbot_control_pkg/install/jetbot_control_pkg/share/jetbot_control_pkg/launch
-- Installing: /workspaces/isaac_ros-dev/src/jetbot_control_pkg/install/jetbot_control_pkg/share/jetbot_control_pkg/launch/control.launch.py
-- Installing: /workspaces/isaac_ros-dev/src/jetbot_control_pkg/install/jetbot_control_pkg/share/ament_index/resource_index/package_run_dependencies/jetbot_control_pkg
-- Installing: /workspaces/isaac_ros-dev/src/jetbot_control_pkg/install/jetbot_control_pkg/share/ament_index/resource_index/parent_prefix_path/jetbot_control_pkg
-- Installing: /workspaces/isaac_ros-dev/src/jetbot_control_pkg/install/jetbot_control_pkg/share/jetbot_control_pkg/environment/ament_prefix_path.sh
-- Installing: /workspaces/isaac_ros-dev/src/jetbot_control_pkg/install/jetbot_control_pkg/share/jetbot_control_pkg/environment/ament_prefix_path.dsv
-- Installing: /workspaces/isaac_ros-dev/src/jetbot_control_pkg/install/jetbot_control_pkg/share/jetbot_control_pkg/environment/path.sh
-- Installing: /workspaces/isaac_ros-dev/src/jetbot_control_pkg/install/jetbot_control_pkg/share/jetbot_control_pkg/environment/path.dsv
-- Installing: /workspaces/isaac_ros-dev/src/jetbot_control_pkg/install/jetbot_control_pkg/share/jetbot_control_pkg/local_setup.bash
-- Installing: /workspaces/isaac_ros-dev/src/jetbot_control_pkg/install/jetbot_control_pkg/share/jetbot_control_pkg/local_setup.sh
-- Installing: /workspaces/isaac_ros-dev/src/jetbot_control_pkg/install/jetbot_control_pkg/share/jetbot_control_pkg/local_setup.zsh
-- Installing: /workspaces/isaac_ros-dev/src/jetbot_control_pkg/install/jetbot_control_pkg/share/jetbot_control_pkg/local_setup.dsv
-- Installing: /workspaces/isaac_ros-dev/src/jetbot_control_pkg/install/jetbot_control_pkg/share/jetbot_control_pkg/package.dsv
-- Installing: /workspaces/isaac_ros-dev/src/jetbot_control_pkg/install/jetbot_control_pkg/share/ament_index/resource_index/packages/jetbot_control_pkg
-- Installing: /workspaces/isaac_ros-dev/src/jetbot_control_pkg/install/jetbot_control_pkg/share/jetbot_control_pkg/cmake/jetbot_control_pkgConfig.cmake
-- Installing: /workspaces/isaac_ros-dev/src/jetbot_control_pkg/install/jetbot_control_pkg/share/jetbot_control_pkg/cmake/jetbot_control_pkgConfig-version.cmake
-- Installing: /workspaces/isaac_ros-dev/src/jetbot_control_pkg/install/jetbot_control_pkg/share/jetbot_control_pkg/package.xml
