[0.134s] Invoking command in '/workspaces/isaac_ros-dev/src/jetbot_control_pkg/build/jetbot_control_pkg': CMAKE_PREFIX_PATH=${CMAKE_PREFIX_PATH}:/workspaces/isaac_ros-dev/install/jetbot_motor_pkg:/opt/ros/humble /usr/bin/cmake /workspaces/isaac_ros-dev/src/jetbot_control_pkg -DCMAKE_INSTALL_PREFIX=/workspaces/isaac_ros-dev/src/jetbot_control_pkg/install/jetbot_control_pkg
[0.300s] -- The C compiler identification is GNU 9.4.0
[0.424s] -- The CXX compiler identification is GNU 9.4.0
[0.446s] -- Detecting C compiler ABI info
[0.562s] -- Detecting C compiler ABI info - done
[0.587s] -- Check for working C compiler: /usr/bin/cc - skipped
[0.588s] -- Detecting C compile features
[0.589s] -- Detecting C compile features - done
[0.599s] -- Detecting CXX compiler ABI info
[0.730s] -- Detecting CXX compiler ABI info - done
[0.751s] -- Check for working CXX compiler: /usr/bin/c++ - skipped
[0.751s] -- Detecting CXX compile features
[0.753s] -- Detecting CXX compile features - done
[0.763s] -- Found ament_cmake: 1.3.6 (/opt/ros/humble/share/ament_cmake/cmake)
[2.438s] -- Found Python3: /usr/bin/python3.8 (found version "3.8.10") found components: Interpreter 
[2.673s] -- Found rclcpp: 16.0.7 (/opt/ros/humble/share/rclcpp/cmake)
[2.797s] -- Found rosidl_generator_c: 3.1.5 (/opt/ros/humble/share/rosidl_generator_c/cmake)
[2.812s] -- Found rosidl_adapter: 3.1.5 (/opt/ros/humble/share/rosidl_adapter/cmake)
[2.836s] -- Found rosidl_generator_cpp: 3.1.5 (/opt/ros/humble/share/rosidl_generator_cpp/cmake)
[2.873s] -- Using all available rosidl_typesupport_c: rosidl_typesupport_fastrtps_c;rosidl_typesupport_introspection_c
[2.925s] -- Using all available rosidl_typesupport_cpp: rosidl_typesupport_fastrtps_cpp;rosidl_typesupport_introspection_cpp
[3.100s] -- Found rmw_implementation_cmake: 6.1.1 (/opt/ros/humble/share/rmw_implementation_cmake/cmake)
[3.109s] -- Found rmw_fastrtps_cpp: 6.2.5 (/opt/ros/humble/share/rmw_fastrtps_cpp/cmake)
[3.424s] -- Found OpenSSL: /usr/lib/aarch64-linux-gnu/libcrypto.so (found version "1.1.1f")  
[3.511s] -- Found FastRTPS: /opt/ros/humble/include  
[3.645s] -- Using RMW implementation 'rmw_fastrtps_cpp' as default
[3.675s] -- Looking for pthread.h
[3.796s] -- Looking for pthread.h - found
[3.797s] -- Performing Test CMAKE_HAVE_LIBC_PTHREAD
[3.925s] -- Performing Test CMAKE_HAVE_LIBC_PTHREAD - Failed
[3.925s] -- Looking for pthread_create in pthreads
[4.033s] -- Looking for pthread_create in pthreads - not found
[4.033s] -- Looking for pthread_create in pthread
[4.151s] -- Looking for pthread_create in pthread - found
[4.154s] -- Found Threads: TRUE  
[4.485s] -- Found geometry_msgs: 4.2.3 (/opt/ros/humble/share/geometry_msgs/cmake)
[4.574s] -- Found vision_msgs: 4.1.0 (/opt/ros/humble/share/vision_msgs/cmake)
[4.709s] -- Found ament_lint_auto: 0.12.9 (/opt/ros/humble/share/ament_lint_auto/cmake)
[4.895s] -- Added test 'cppcheck' to perform static code analysis on C / C++ code
[4.895s] -- Configured cppcheck include dirs: 
[4.896s] -- Configured cppcheck exclude dirs and/or files: 
[4.897s] -- Added test 'flake8' to check Python code syntax and style conventions
[4.901s] -- Added test 'lint_cmake' to check CMake code style
[4.903s] -- Added test 'pep257' to check Python code against some of the docstring style conventions in PEP 257
[4.914s] -- Added test 'uncrustify' to check C / C++ code style
[4.914s] -- Configured uncrustify additional arguments: 
[4.917s] -- Added test 'xmllint' to check XML markup files
[4.920s] -- Configuring done
[4.945s] -- Generating done
[4.949s] -- Build files have been written to: /workspaces/isaac_ros-dev/src/jetbot_control_pkg/build/jetbot_control_pkg
[4.971s] Invoked command in '/workspaces/isaac_ros-dev/src/jetbot_control_pkg/build/jetbot_control_pkg' returned '0': CMAKE_PREFIX_PATH=${CMAKE_PREFIX_PATH}:/workspaces/isaac_ros-dev/install/jetbot_motor_pkg:/opt/ros/humble /usr/bin/cmake /workspaces/isaac_ros-dev/src/jetbot_control_pkg -DCMAKE_INSTALL_PREFIX=/workspaces/isaac_ros-dev/src/jetbot_control_pkg/install/jetbot_control_pkg
[4.977s] Invoking command in '/workspaces/isaac_ros-dev/src/jetbot_control_pkg/build/jetbot_control_pkg': CMAKE_PREFIX_PATH=${CMAKE_PREFIX_PATH}:/workspaces/isaac_ros-dev/install/jetbot_motor_pkg:/opt/ros/humble /usr/bin/cmake --build /workspaces/isaac_ros-dev/src/jetbot_control_pkg/build/jetbot_control_pkg -- -j6 -l6
[5.039s] [ 50%] [32mBuilding CXX object CMakeFiles/control_node.dir/src/control.cpp.o[0m
[24.790s] [100%] [32m[1mLinking CXX executable control_node[0m
[25.643s] [100%] Built target control_node
[25.654s] Invoked command in '/workspaces/isaac_ros-dev/src/jetbot_control_pkg/build/jetbot_control_pkg' returned '0': CMAKE_PREFIX_PATH=${CMAKE_PREFIX_PATH}:/workspaces/isaac_ros-dev/install/jetbot_motor_pkg:/opt/ros/humble /usr/bin/cmake --build /workspaces/isaac_ros-dev/src/jetbot_control_pkg/build/jetbot_control_pkg -- -j6 -l6
[25.724s] Invoking command in '/workspaces/isaac_ros-dev/src/jetbot_control_pkg/build/jetbot_control_pkg': CMAKE_PREFIX_PATH=${CMAKE_PREFIX_PATH}:/workspaces/isaac_ros-dev/install/jetbot_motor_pkg:/opt/ros/humble /usr/bin/cmake --install /workspaces/isaac_ros-dev/src/jetbot_control_pkg/build/jetbot_control_pkg
[25.734s] -- Install configuration: ""
[25.734s] -- Installing: /workspaces/isaac_ros-dev/src/jetbot_control_pkg/install/jetbot_control_pkg/lib/jetbot_control_pkg/control_node
[25.742s] -- Set runtime path of "/workspaces/isaac_ros-dev/src/jetbot_control_pkg/install/jetbot_control_pkg/lib/jetbot_control_pkg/control_node" to ""
[25.742s] -- Installing: /workspaces/isaac_ros-dev/src/jetbot_control_pkg/install/jetbot_control_pkg/share/jetbot_control_pkg/launch
[25.742s] -- Installing: /workspaces/isaac_ros-dev/src/jetbot_control_pkg/install/jetbot_control_pkg/share/jetbot_control_pkg/launch/control.launch.py
[25.743s] -- Installing: /workspaces/isaac_ros-dev/src/jetbot_control_pkg/install/jetbot_control_pkg/share/ament_index/resource_index/package_run_dependencies/jetbot_control_pkg
[25.743s] -- Installing: /workspaces/isaac_ros-dev/src/jetbot_control_pkg/install/jetbot_control_pkg/share/ament_index/resource_index/parent_prefix_path/jetbot_control_pkg
[25.743s] -- Installing: /workspaces/isaac_ros-dev/src/jetbot_control_pkg/install/jetbot_control_pkg/share/jetbot_control_pkg/environment/ament_prefix_path.sh
[25.744s] -- Installing: /workspaces/isaac_ros-dev/src/jetbot_control_pkg/install/jetbot_control_pkg/share/jetbot_control_pkg/environment/ament_prefix_path.dsv
[25.744s] -- Installing: /workspaces/isaac_ros-dev/src/jetbot_control_pkg/install/jetbot_control_pkg/share/jetbot_control_pkg/environment/path.sh
[25.744s] -- Installing: /workspaces/isaac_ros-dev/src/jetbot_control_pkg/install/jetbot_control_pkg/share/jetbot_control_pkg/environment/path.dsv
[25.745s] -- Installing: /workspaces/isaac_ros-dev/src/jetbot_control_pkg/install/jetbot_control_pkg/share/jetbot_control_pkg/local_setup.bash
[25.745s] -- Installing: /workspaces/isaac_ros-dev/src/jetbot_control_pkg/install/jetbot_control_pkg/share/jetbot_control_pkg/local_setup.sh
[25.745s] -- Installing: /workspaces/isaac_ros-dev/src/jetbot_control_pkg/install/jetbot_control_pkg/share/jetbot_control_pkg/local_setup.zsh
[25.746s] -- Installing: /workspaces/isaac_ros-dev/src/jetbot_control_pkg/install/jetbot_control_pkg/share/jetbot_control_pkg/local_setup.dsv
[25.746s] -- Installing: /workspaces/isaac_ros-dev/src/jetbot_control_pkg/install/jetbot_control_pkg/share/jetbot_control_pkg/package.dsv
[25.746s] -- Installing: /workspaces/isaac_ros-dev/src/jetbot_control_pkg/install/jetbot_control_pkg/share/ament_index/resource_index/packages/jetbot_control_pkg
[25.747s] -- Installing: /workspaces/isaac_ros-dev/src/jetbot_control_pkg/install/jetbot_control_pkg/share/jetbot_control_pkg/cmake/jetbot_control_pkgConfig.cmake
[25.747s] -- Installing: /workspaces/isaac_ros-dev/src/jetbot_control_pkg/install/jetbot_control_pkg/share/jetbot_control_pkg/cmake/jetbot_control_pkgConfig-version.cmake
[25.747s] -- Installing: /workspaces/isaac_ros-dev/src/jetbot_control_pkg/install/jetbot_control_pkg/share/jetbot_control_pkg/package.xml
[25.751s] Invoked command in '/workspaces/isaac_ros-dev/src/jetbot_control_pkg/build/jetbot_control_pkg' returned '0': CMAKE_PREFIX_PATH=${CMAKE_PREFIX_PATH}:/workspaces/isaac_ros-dev/install/jetbot_motor_pkg:/opt/ros/humble /usr/bin/cmake --install /workspaces/isaac_ros-dev/src/jetbot_control_pkg/build/jetbot_control_pkg
