[5.625s] DEBUG:colcon:Command line arguments: ['/usr/bin/colcon', 'build', '--packages-select', 'jetbot_control_pkg']
[5.626s] DEBUG:colcon:Parsed command line arguments: Namespace(allow_overriding=[], ament_cmake_args=None, base_paths=['.'], build_base='build', catkin_cmake_args=None, catkin_skip_building_tests=False, cmake_args=None, cmake_clean_cache=False, cmake_clean_first=False, cmake_force_configure=False, cmake_target=None, cmake_target_skip_unavailable=False, continue_on_error=False, event_handlers=None, executor='parallel', ignore_user_meta=False, install_base='install', log_base=None, log_level=None, main=<bound method BuildVerb.main of <colcon_core.verb.build.BuildVerb object at 0xffffbd4096d0>>, merge_install=False, metas=['./colcon.meta'], packages_above=None, packages_above_and_dependencies=None, packages_above_depth=None, packages_end=None, packages_ignore=None, packages_ignore_regex=None, packages_select=['jetbot_control_pkg'], packages_select_build_failed=False, packages_select_by_dep=None, packages_select_regex=None, packages_select_test_failures=False, packages_skip=None, packages_skip_build_finished=False, packages_skip_by_dep=None, packages_skip_regex=None, packages_skip_test_passed=False, packages_skip_up_to=None, packages_start=None, packages_up_to=None, packages_up_to_regex=None, parallel_workers=6, paths=None, symlink_install=False, test_result_base=None, verb_extension=<colcon_core.verb.build.BuildVerb object at 0xffffbd4096d0>, verb_name='build', verb_parser=<colcon_defaults.argument_parser.defaults.DefaultArgumentsDecorator object at 0xffffbcdd0e20>)
[5.895s] Level 1:colcon.colcon_core.package_discovery:discover_packages(colcon_meta) check parameters
[5.896s] Level 1:colcon.colcon_core.package_discovery:discover_packages(recursive) check parameters
[5.896s] Level 1:colcon.colcon_core.package_discovery:discover_packages(ignore) check parameters
[5.896s] Level 1:colcon.colcon_core.package_discovery:discover_packages(path) check parameters
[5.896s] Level 1:colcon.colcon_core.package_discovery:discover_packages(colcon_meta) discover
[5.896s] Level 1:colcon.colcon_core.package_discovery:discover_packages(recursive) discover
[5.896s] INFO:colcon.colcon_core.package_discovery:Crawling recursively for packages in '/workspaces/isaac_ros-dev/src/jetbot_control_pkg'
[5.896s] Level 1:colcon.colcon_core.package_identification:_identify(.) by extensions ['ignore', 'ignore_ament_install']
[5.896s] Level 1:colcon.colcon_core.package_identification:_identify(.) by extension 'ignore'
[5.897s] Level 1:colcon.colcon_core.package_identification:_identify(.) by extension 'ignore_ament_install'
[5.897s] Level 1:colcon.colcon_core.package_identification:_identify(.) by extensions ['colcon_pkg']
[5.897s] Level 1:colcon.colcon_core.package_identification:_identify(.) by extension 'colcon_pkg'
[5.897s] Level 1:colcon.colcon_core.package_identification:_identify(.) by extensions ['colcon_meta']
[5.897s] Level 1:colcon.colcon_core.package_identification:_identify(.) by extension 'colcon_meta'
[5.897s] Level 1:colcon.colcon_core.package_identification:_identify(.) by extensions ['ros']
[5.897s] Level 1:colcon.colcon_core.package_identification:_identify(.) by extension 'ros'
[5.931s] DEBUG:colcon.colcon_core.package_identification:Package '.' with type 'ros.ament_cmake' and name 'jetbot_control_pkg'
[5.931s] Level 1:colcon.colcon_core.package_discovery:discover_packages(recursive) using defaults
[5.931s] Level 1:colcon.colcon_core.package_discovery:discover_packages(ignore) discover
[5.931s] Level 1:colcon.colcon_core.package_discovery:discover_packages(ignore) using defaults
[5.931s] Level 1:colcon.colcon_core.package_discovery:discover_packages(path) discover
[5.931s] Level 1:colcon.colcon_core.package_discovery:discover_packages(path) using defaults
[6.101s] Level 1:colcon.colcon_core.package_discovery:discover_packages(prefix_path) check parameters
[6.101s] Level 1:colcon.colcon_core.package_discovery:discover_packages(prefix_path) discover
[6.157s] DEBUG:colcon.colcon_installed_package_information.package_discovery:Found 5 installed packages in /workspaces/isaac_ros-dev/install
[6.186s] DEBUG:colcon.colcon_installed_package_information.package_discovery:Found 302 installed packages in /opt/ros/humble
[6.189s] Level 1:colcon.colcon_core.package_discovery:discover_packages(prefix_path) using defaults
[6.405s] Level 5:colcon.colcon_core.verb:set package 'jetbot_control_pkg' build argument 'cmake_args' from command line to 'None'
[6.406s] Level 5:colcon.colcon_core.verb:set package 'jetbot_control_pkg' build argument 'cmake_target' from command line to 'None'
[6.406s] Level 5:colcon.colcon_core.verb:set package 'jetbot_control_pkg' build argument 'cmake_target_skip_unavailable' from command line to 'False'
[6.406s] Level 5:colcon.colcon_core.verb:set package 'jetbot_control_pkg' build argument 'cmake_clean_cache' from command line to 'False'
[6.406s] Level 5:colcon.colcon_core.verb:set package 'jetbot_control_pkg' build argument 'cmake_clean_first' from command line to 'False'
[6.406s] Level 5:colcon.colcon_core.verb:set package 'jetbot_control_pkg' build argument 'cmake_force_configure' from command line to 'False'
[6.406s] Level 5:colcon.colcon_core.verb:set package 'jetbot_control_pkg' build argument 'ament_cmake_args' from command line to 'None'
[6.406s] Level 5:colcon.colcon_core.verb:set package 'jetbot_control_pkg' build argument 'catkin_cmake_args' from command line to 'None'
[6.406s] Level 5:colcon.colcon_core.verb:set package 'jetbot_control_pkg' build argument 'catkin_skip_building_tests' from command line to 'False'
[6.406s] DEBUG:colcon.colcon_core.verb:Building package 'jetbot_control_pkg' with the following arguments: {'ament_cmake_args': None, 'build_base': '/workspaces/isaac_ros-dev/src/jetbot_control_pkg/build/jetbot_control_pkg', 'catkin_cmake_args': None, 'catkin_skip_building_tests': False, 'cmake_args': None, 'cmake_clean_cache': False, 'cmake_clean_first': False, 'cmake_force_configure': False, 'cmake_target': None, 'cmake_target_skip_unavailable': False, 'install_base': '/workspaces/isaac_ros-dev/src/jetbot_control_pkg/install/jetbot_control_pkg', 'merge_install': False, 'path': '/workspaces/isaac_ros-dev/src/jetbot_control_pkg', 'symlink_install': False, 'test_result_base': None}
[6.432s] INFO:colcon.colcon_core.executor:Executing jobs using 'parallel' executor
[6.460s] DEBUG:colcon.colcon_parallel_executor.executor.parallel:run_until_complete
[6.461s] INFO:colcon.colcon_ros.task.ament_cmake.build:Building ROS package in '/workspaces/isaac_ros-dev/src/jetbot_control_pkg' with build type 'ament_cmake'
[6.461s] INFO:colcon.colcon_cmake.task.cmake.build:Building CMake package in '/workspaces/isaac_ros-dev/src/jetbot_control_pkg'
[6.492s] INFO:colcon.colcon_core.plugin_system:Skipping extension 'colcon_core.shell.bat': Not used on non-Windows systems
[6.493s] INFO:colcon.colcon_core.shell:Skip shell extension 'powershell' for command environment: Not usable outside of PowerShell
[6.493s] DEBUG:colcon.colcon_core.shell:Skip shell extension 'dsv' for command environment
[6.596s] DEBUG:colcon.colcon_core.event_handler.log_command:Invoking command in '/workspaces/isaac_ros-dev/src/jetbot_control_pkg/build/jetbot_control_pkg': CMAKE_PREFIX_PATH=${CMAKE_PREFIX_PATH}:/workspaces/isaac_ros-dev/install/jetbot_motor_pkg:/opt/ros/humble /usr/bin/cmake /workspaces/isaac_ros-dev/src/jetbot_control_pkg -DCMAKE_INSTALL_PREFIX=/workspaces/isaac_ros-dev/src/jetbot_control_pkg/install/jetbot_control_pkg
[11.432s] DEBUG:colcon.colcon_core.event_handler.log_command:Invoked command in '/workspaces/isaac_ros-dev/src/jetbot_control_pkg/build/jetbot_control_pkg' returned '0': CMAKE_PREFIX_PATH=${CMAKE_PREFIX_PATH}:/workspaces/isaac_ros-dev/install/jetbot_motor_pkg:/opt/ros/humble /usr/bin/cmake /workspaces/isaac_ros-dev/src/jetbot_control_pkg -DCMAKE_INSTALL_PREFIX=/workspaces/isaac_ros-dev/src/jetbot_control_pkg/install/jetbot_control_pkg
[11.439s] DEBUG:colcon.colcon_core.event_handler.log_command:Invoking command in '/workspaces/isaac_ros-dev/src/jetbot_control_pkg/build/jetbot_control_pkg': CMAKE_PREFIX_PATH=${CMAKE_PREFIX_PATH}:/workspaces/isaac_ros-dev/install/jetbot_motor_pkg:/opt/ros/humble /usr/bin/cmake --build /workspaces/isaac_ros-dev/src/jetbot_control_pkg/build/jetbot_control_pkg -- -j6 -l6
[32.116s] DEBUG:colcon.colcon_core.event_handler.log_command:Invoked command in '/workspaces/isaac_ros-dev/src/jetbot_control_pkg/build/jetbot_control_pkg' returned '0': CMAKE_PREFIX_PATH=${CMAKE_PREFIX_PATH}:/workspaces/isaac_ros-dev/install/jetbot_motor_pkg:/opt/ros/humble /usr/bin/cmake --build /workspaces/isaac_ros-dev/src/jetbot_control_pkg/build/jetbot_control_pkg -- -j6 -l6
[32.186s] DEBUG:colcon.colcon_core.event_handler.log_command:Invoking command in '/workspaces/isaac_ros-dev/src/jetbot_control_pkg/build/jetbot_control_pkg': CMAKE_PREFIX_PATH=${CMAKE_PREFIX_PATH}:/workspaces/isaac_ros-dev/install/jetbot_motor_pkg:/opt/ros/humble /usr/bin/cmake --install /workspaces/isaac_ros-dev/src/jetbot_control_pkg/build/jetbot_control_pkg
[32.211s] Level 1:colcon.colcon_core.environment:create_environment_scripts_only(jetbot_control_pkg)
[32.212s] DEBUG:colcon.colcon_core.event_handler.log_command:Invoked command in '/workspaces/isaac_ros-dev/src/jetbot_control_pkg/build/jetbot_control_pkg' returned '0': CMAKE_PREFIX_PATH=${CMAKE_PREFIX_PATH}:/workspaces/isaac_ros-dev/install/jetbot_motor_pkg:/opt/ros/humble /usr/bin/cmake --install /workspaces/isaac_ros-dev/src/jetbot_control_pkg/build/jetbot_control_pkg
[32.259s] Level 1:colcon.colcon_core.environment:checking '/workspaces/isaac_ros-dev/src/jetbot_control_pkg/install/jetbot_control_pkg' for CMake module files
[32.260s] Level 1:colcon.colcon_core.environment:checking '/workspaces/isaac_ros-dev/src/jetbot_control_pkg/install/jetbot_control_pkg' for CMake config files
[32.260s] Level 1:colcon.colcon_core.shell:create_environment_hook('jetbot_control_pkg', 'cmake_prefix_path')
[32.288s] INFO:colcon.colcon_core.shell:Creating environment hook '/workspaces/isaac_ros-dev/src/jetbot_control_pkg/install/jetbot_control_pkg/share/jetbot_control_pkg/hook/cmake_prefix_path.ps1'
[32.290s] INFO:colcon.colcon_core.shell:Creating environment descriptor '/workspaces/isaac_ros-dev/src/jetbot_control_pkg/install/jetbot_control_pkg/share/jetbot_control_pkg/hook/cmake_prefix_path.dsv'
[32.290s] INFO:colcon.colcon_core.shell:Creating environment hook '/workspaces/isaac_ros-dev/src/jetbot_control_pkg/install/jetbot_control_pkg/share/jetbot_control_pkg/hook/cmake_prefix_path.sh'
[32.292s] Level 1:colcon.colcon_core.environment:checking '/workspaces/isaac_ros-dev/src/jetbot_control_pkg/install/jetbot_control_pkg/lib'
[32.292s] Level 1:colcon.colcon_core.environment:checking '/workspaces/isaac_ros-dev/src/jetbot_control_pkg/install/jetbot_control_pkg/bin'
[32.293s] Level 1:colcon.colcon_core.environment:checking '/workspaces/isaac_ros-dev/src/jetbot_control_pkg/install/jetbot_control_pkg/lib/pkgconfig/jetbot_control_pkg.pc'
[32.293s] Level 1:colcon.colcon_core.environment:checking '/workspaces/isaac_ros-dev/src/jetbot_control_pkg/install/jetbot_control_pkg/lib/python3.8/site-packages'
[32.293s] Level 1:colcon.colcon_core.environment:checking '/workspaces/isaac_ros-dev/src/jetbot_control_pkg/install/jetbot_control_pkg/bin'
[32.321s] INFO:colcon.colcon_core.shell:Creating package script '/workspaces/isaac_ros-dev/src/jetbot_control_pkg/install/jetbot_control_pkg/share/jetbot_control_pkg/package.ps1'
[32.322s] INFO:colcon.colcon_core.shell:Creating package descriptor '/workspaces/isaac_ros-dev/src/jetbot_control_pkg/install/jetbot_control_pkg/share/jetbot_control_pkg/package.dsv'
[32.323s] INFO:colcon.colcon_core.shell:Creating package script '/workspaces/isaac_ros-dev/src/jetbot_control_pkg/install/jetbot_control_pkg/share/jetbot_control_pkg/package.sh'
[32.324s] INFO:colcon.colcon_core.shell:Creating package script '/workspaces/isaac_ros-dev/src/jetbot_control_pkg/install/jetbot_control_pkg/share/jetbot_control_pkg/package.bash'
[32.326s] INFO:colcon.colcon_core.shell:Creating package script '/workspaces/isaac_ros-dev/src/jetbot_control_pkg/install/jetbot_control_pkg/share/jetbot_control_pkg/package.zsh'
[32.327s] Level 1:colcon.colcon_core.environment:create_file_with_runtime_dependencies(/workspaces/isaac_ros-dev/src/jetbot_control_pkg/install/jetbot_control_pkg/share/colcon-core/packages/jetbot_control_pkg)
[32.410s] Level 1:colcon.colcon_core.environment:create_environment_scripts_only(jetbot_control_pkg)
[32.437s] Level 1:colcon.colcon_core.environment:checking '/workspaces/isaac_ros-dev/src/jetbot_control_pkg/install/jetbot_control_pkg' for CMake module files
[32.438s] Level 1:colcon.colcon_core.environment:checking '/workspaces/isaac_ros-dev/src/jetbot_control_pkg/install/jetbot_control_pkg' for CMake config files
[32.439s] Level 1:colcon.colcon_core.shell:create_environment_hook('jetbot_control_pkg', 'cmake_prefix_path')
[32.464s] INFO:colcon.colcon_core.shell:Creating environment hook '/workspaces/isaac_ros-dev/src/jetbot_control_pkg/install/jetbot_control_pkg/share/jetbot_control_pkg/hook/cmake_prefix_path.ps1'
[32.466s] INFO:colcon.colcon_core.shell:Creating environment descriptor '/workspaces/isaac_ros-dev/src/jetbot_control_pkg/install/jetbot_control_pkg/share/jetbot_control_pkg/hook/cmake_prefix_path.dsv'
[32.466s] INFO:colcon.colcon_core.shell:Creating environment hook '/workspaces/isaac_ros-dev/src/jetbot_control_pkg/install/jetbot_control_pkg/share/jetbot_control_pkg/hook/cmake_prefix_path.sh'
[32.468s] Level 1:colcon.colcon_core.environment:checking '/workspaces/isaac_ros-dev/src/jetbot_control_pkg/install/jetbot_control_pkg/lib'
[32.468s] Level 1:colcon.colcon_core.environment:checking '/workspaces/isaac_ros-dev/src/jetbot_control_pkg/install/jetbot_control_pkg/bin'
[32.468s] Level 1:colcon.colcon_core.environment:checking '/workspaces/isaac_ros-dev/src/jetbot_control_pkg/install/jetbot_control_pkg/lib/pkgconfig/jetbot_control_pkg.pc'
[32.468s] Level 1:colcon.colcon_core.environment:checking '/workspaces/isaac_ros-dev/src/jetbot_control_pkg/install/jetbot_control_pkg/lib/python3.8/site-packages'
[32.469s] Level 1:colcon.colcon_core.environment:checking '/workspaces/isaac_ros-dev/src/jetbot_control_pkg/install/jetbot_control_pkg/bin'
[32.496s] INFO:colcon.colcon_core.shell:Creating package script '/workspaces/isaac_ros-dev/src/jetbot_control_pkg/install/jetbot_control_pkg/share/jetbot_control_pkg/package.ps1'
[32.497s] INFO:colcon.colcon_core.shell:Creating package descriptor '/workspaces/isaac_ros-dev/src/jetbot_control_pkg/install/jetbot_control_pkg/share/jetbot_control_pkg/package.dsv'
[32.498s] INFO:colcon.colcon_core.shell:Creating package script '/workspaces/isaac_ros-dev/src/jetbot_control_pkg/install/jetbot_control_pkg/share/jetbot_control_pkg/package.sh'
[32.498s] INFO:colcon.colcon_core.shell:Creating package script '/workspaces/isaac_ros-dev/src/jetbot_control_pkg/install/jetbot_control_pkg/share/jetbot_control_pkg/package.bash'
[32.499s] INFO:colcon.colcon_core.shell:Creating package script '/workspaces/isaac_ros-dev/src/jetbot_control_pkg/install/jetbot_control_pkg/share/jetbot_control_pkg/package.zsh'
[32.500s] Level 1:colcon.colcon_core.environment:create_file_with_runtime_dependencies(/workspaces/isaac_ros-dev/src/jetbot_control_pkg/install/jetbot_control_pkg/share/colcon-core/packages/jetbot_control_pkg)
[32.501s] DEBUG:colcon.colcon_parallel_executor.executor.parallel:closing loop
[32.502s] DEBUG:colcon.colcon_parallel_executor.executor.parallel:loop closed
[32.502s] DEBUG:colcon.colcon_parallel_executor.executor.parallel:run_until_complete finished with '0'
[32.502s] DEBUG:colcon.colcon_core.event_reactor:joining thread
[32.545s] INFO:colcon.colcon_core.plugin_system:Skipping extension 'colcon_notification.desktop_notification.notify_send': Could not find 'notify-send'
[32.545s] INFO:colcon.colcon_core.plugin_system:Skipping extension 'colcon_notification.desktop_notification.terminal_notifier': Not used on non-Darwin systems
[32.545s] INFO:colcon.colcon_core.plugin_system:Skipping extension 'colcon_notification.desktop_notification.win32': Not used on non-Windows systems
[32.545s] INFO:colcon.colcon_notification.desktop_notification:Sending desktop notification using 'notify2'
[32.557s] DEBUG:colcon.colcon_notification.desktop_notification.notify2:Failed to initialize notify2: org.freedesktop.DBus.Error.ServiceUnknown: The name org.freedesktop.Notifications was not provided by any .service files
[32.558s] DEBUG:colcon.colcon_core.event_reactor:joined thread
[32.588s] INFO:colcon.colcon_core.shell:Creating prefix script '/workspaces/isaac_ros-dev/src/jetbot_control_pkg/install/local_setup.ps1'
[32.589s] INFO:colcon.colcon_core.shell:Creating prefix util module '/workspaces/isaac_ros-dev/src/jetbot_control_pkg/install/_local_setup_util_ps1.py'
[32.592s] INFO:colcon.colcon_core.shell:Creating prefix chain script '/workspaces/isaac_ros-dev/src/jetbot_control_pkg/install/setup.ps1'
[32.621s] INFO:colcon.colcon_core.shell:Creating prefix script '/workspaces/isaac_ros-dev/src/jetbot_control_pkg/install/local_setup.sh'
[32.622s] INFO:colcon.colcon_core.shell:Creating prefix util module '/workspaces/isaac_ros-dev/src/jetbot_control_pkg/install/_local_setup_util_sh.py'
[32.623s] INFO:colcon.colcon_core.shell:Creating prefix chain script '/workspaces/isaac_ros-dev/src/jetbot_control_pkg/install/setup.sh'
[32.652s] INFO:colcon.colcon_core.shell:Creating prefix script '/workspaces/isaac_ros-dev/src/jetbot_control_pkg/install/local_setup.bash'
[32.653s] INFO:colcon.colcon_core.shell:Creating prefix chain script '/workspaces/isaac_ros-dev/src/jetbot_control_pkg/install/setup.bash'
[32.681s] INFO:colcon.colcon_core.shell:Creating prefix script '/workspaces/isaac_ros-dev/src/jetbot_control_pkg/install/local_setup.zsh'
[32.682s] INFO:colcon.colcon_core.shell:Creating prefix chain script '/workspaces/isaac_ros-dev/src/jetbot_control_pkg/install/setup.zsh'
